<?xml version="1.0" encoding="UTF-8"?>
<testng-results skipped="0" failed="0" ignored="0" total="6" passed="6">
  <reporter-output>
  </reporter-output>
  <suite name="Ecommerce" duration-ms="122" started-at="2018-05-10T03:02:01Z" finished-at="2018-05-10T03:02:01Z">
    <groups>
    </groups>
    <test name="SanityTest" duration-ms="122" started-at="2018-05-10T03:02:01Z" finished-at="2018-05-10T03:02:01Z">
      <class name="com.test.TestB">
        <test-method status="PASS" signature="deleteVendor()[pri:1, instance:com.test.TestB@15b5592]" name="deleteVendor" duration-ms="1" started-at="2018-05-10T03:02:01Z" finished-at="2018-05-10T03:02:01Z">
          <reporter-output>
          </reporter-output>
        </test-method> <!-- deleteVendor -->
        <test-method status="PASS" signature="deleteProduct()[pri:2, instance:com.test.TestB@15b5592]" name="deleteProduct" duration-ms="3" started-at="2018-05-10T03:02:01Z" finished-at="2018-05-10T03:02:01Z">
          <reporter-output>
          </reporter-output>
        </test-method> <!-- deleteProduct -->
        <test-method status="PASS" signature="deleteCurrency()[pri:3, instance:com.test.TestB@15b5592]" name="deleteCurrency" duration-ms="10" started-at="2018-05-10T03:02:01Z" finished-at="2018-05-10T03:02:01Z">
          <reporter-output>
          </reporter-output>
        </test-method> <!-- deleteCurrency -->
      </class> <!-- com.test.TestB -->
      <class name="com.test.TestA">
        <test-method status="PASS" signature="login()[pri:0, instance:com.test.TestA@ee68d8]" name="login" is-config="true" duration-ms="19" started-at="2018-05-10T03:02:01Z" finished-at="2018-05-10T03:02:01Z">
          <reporter-output>
          </reporter-output>
        </test-method> <!-- login -->
        <test-method status="PASS" signature="addVendor()[pri:1, instance:com.test.TestA@ee68d8]" name="addVendor" duration-ms="8" started-at="2018-05-10T03:02:01Z" finished-at="2018-05-10T03:02:01Z">
          <reporter-output>
          </reporter-output>
        </test-method> <!-- addVendor -->
        <test-method status="PASS" signature="addProduct()[pri:2, instance:com.test.TestA@ee68d8]" name="addProduct" duration-ms="2" started-at="2018-05-10T03:02:01Z" finished-at="2018-05-10T03:02:01Z">
          <reporter-output>
          </reporter-output>
        </test-method> <!-- addProduct -->
        <test-method status="PASS" signature="addCurrency()[pri:3, instance:com.test.TestA@ee68d8]" name="addCurrency" duration-ms="5" started-at="2018-05-10T03:02:01Z" finished-at="2018-05-10T03:02:01Z">
          <reporter-output>
          </reporter-output>
        </test-method> <!-- addCurrency -->
        <test-method status="PASS" signature="logout()[pri:0, instance:com.test.TestA@ee68d8]" name="logout" is-config="true" duration-ms="0" started-at="2018-05-10T03:02:01Z" finished-at="2018-05-10T03:02:01Z">
          <reporter-output>
          </reporter-output>
        </test-method> <!-- logout -->
      </class> <!-- com.test.TestA -->
    </test> <!-- SanityTest -->
  </suite> <!-- Ecommerce -->
</testng-results>
