<?xml version="1.0" encoding="UTF-8"?>
<!-- Generated by org.testng.reporters.JUnitXMLReporter -->
<testsuite hostname="Veeranti" ignored="0" name="Default test" tests="6" failures="0" timestamp="09 May 2018 06:14:21 GMT" time="0.116" errors="0">
  <testcase name="login" time="0.015" classname="com.test.TestC"/>
  <testcase name="FundTransfer" time="0.002" classname="com.test.TestC"/>
  <testcase name="Search" time="0.014" classname="com.test.TestC"/>
  <testcase name="AdvancedSearch" time="0.005" classname="com.test.TestC"/>
  <testcase name="BillPayment" time="0.001" classname="com.test.TestC"/>
  <testcase name="logout" time="0.004" classname="com.test.TestC"/>
</testsuite> <!-- Default test -->
