<?xml version="1.0" encoding="UTF-8"?>
<!-- Generated by org.testng.reporters.JUnitXMLReporter -->
<testsuite hostname="Veeranti" ignored="0" name="SanityTest" tests="6" failures="0" timestamp="10 May 2018 03:02:01 GMT" time="0.122" errors="0">
  <testcase name="addVendor" time="0.008" classname="com.test.TestA"/>
  <testcase name="deleteVendor" time="0.001" classname="com.test.TestB"/>
  <testcase name="addProduct" time="0.002" classname="com.test.TestA"/>
  <testcase name="deleteProduct" time="0.003" classname="com.test.TestB"/>
  <testcase name="addCurrency" time="0.005" classname="com.test.TestA"/>
  <testcase name="deleteCurrency" time="0.01" classname="com.test.TestB"/>
</testsuite> <!-- SanityTest -->
