<?xml version="1.0" encoding="UTF-8"?>
<!-- Generated by org.testng.reporters.JUnitXMLReporter -->
<testsuite hostname="Veeranti" ignored="0" name="SanityTest" tests="0" failures="0" timestamp="10 May 2018 03:08:45 GMT" time="42.707" errors="0">
  <testcase name="@AfterClass tearDown" time="0.0" classname="com.datadriven.Newtours_Reg_Test">
    <failure type="java.lang.NullPointerException">
      <![CDATA[java.lang.NullPointerException
at com.datadriven.Newtours_Reg_Test.tearDown(Newtours_Reg_Test.java:96)
... Removed 26 stack frames]]>
    </failure>
  </testcase> <!-- @AfterClass tearDown -->
</testsuite> <!-- SanityTest -->
