<?xml version="1.0" encoding="UTF-8"?>
<testng-results skipped="0" failed="0" ignored="0" total="2" passed="2">
  <reporter-output>
  </reporter-output>
  <suite name="Default suite" duration-ms="31576" started-at="2018-05-09T05:09:46Z" finished-at="2018-05-09T05:10:18Z">
    <groups>
    </groups>
    <test name="Default test" duration-ms="31576" started-at="2018-05-09T05:09:46Z" finished-at="2018-05-09T05:10:18Z">
      <class name="com.testNG.BrowsersTC_with_Annotations">
        <test-method status="PASS" signature="launchBroswer()[pri:0, instance:com.testNG.BrowsersTC_with_Annotations@16aaa8d]" name="launchBroswer" is-config="true" duration-ms="4876" started-at="2018-05-09T05:09:46Z" finished-at="2018-05-09T05:09:51Z">
          <reporter-output>
          </reporter-output>
        </test-method> <!-- launchBroswer -->
        <test-method status="PASS" signature="verifyPageTitleGoogle()[pri:2, instance:com.testNG.BrowsersTC_with_Annotations@16aaa8d]" name="verifyPageTitleGoogle" duration-ms="6026" started-at="2018-05-09T05:09:51Z" finished-at="2018-05-09T05:09:57Z">
          <reporter-output>
          </reporter-output>
        </test-method> <!-- verifyPageTitleGoogle -->
        <test-method status="PASS" signature="verifyPageTitleYahoo()[pri:3, instance:com.testNG.BrowsersTC_with_Annotations@16aaa8d]" name="verifyPageTitleYahoo" duration-ms="18541" started-at="2018-05-09T05:09:57Z" finished-at="2018-05-09T05:10:16Z">
          <reporter-output>
          </reporter-output>
        </test-method> <!-- verifyPageTitleYahoo -->
        <test-method status="PASS" signature="closebrowser()[pri:0, instance:com.testNG.BrowsersTC_with_Annotations@16aaa8d]" name="closebrowser" is-config="true" duration-ms="2091" started-at="2018-05-09T05:10:16Z" finished-at="2018-05-09T05:10:18Z">
          <reporter-output>
          </reporter-output>
        </test-method> <!-- closebrowser -->
      </class> <!-- com.testNG.BrowsersTC_with_Annotations -->
    </test> <!-- Default test -->
  </suite> <!-- Default suite -->
</testng-results>
