<?xml version="1.0" encoding="UTF-8"?>
<!-- Generated by org.testng.reporters.JUnitXMLReporter -->
<testsuite hostname="Veeranti" ignored="0" name="SanityTest" tests="6" failures="0" timestamp="10 May 2018 02:55:52 GMT" time="0.119" errors="0">
  <testcase name="deleteVendor" time="0.007" classname="com.test.TestB"/>
  <testcase name="addVendor" time="0.012" classname="com.test.TestA"/>
  <testcase name="deleteProduct" time="0.005" classname="com.test.TestB"/>
  <testcase name="addProduct" time="0.002" classname="com.test.TestA"/>
  <testcase name="deleteCurrency" time="0.001" classname="com.test.TestB"/>
  <testcase name="addCurrency" time="0.02" classname="com.test.TestA"/>
</testsuite> <!-- SanityTest -->
