<?xml version="1.0" encoding="UTF-8"?>
<!-- Generated by org.testng.reporters.JUnitXMLReporter -->
<testsuite hostname="Veeranti" ignored="2" name="Test" tests="4" failures="0" timestamp="09 May 2018 06:23:58 GMT" time="0.101" errors="0">
  <testcase name="login" time="0.025" classname="com.test.TestC"/>
  <testcase name="Search" time="0.002" classname="com.test.TestC"/>
  <testcase name="FundTransfer" time="0.005" classname="com.test.TestC"/>
  <testcase name="logout" time="0.003" classname="com.test.TestC"/>
  <testcase name="AdvancedSearch" time="0.0" classname="com.test.TestC">
    <ignored/>
  </testcase> <!-- AdvancedSearch -->
  <testcase name="BillPayment" time="0.0" classname="com.test.TestC">
    <ignored/>
  </testcase> <!-- BillPayment -->
</testsuite> <!-- Test -->
